# JRE version: OpenJDK Runtime Environment (17.0.10) (build 17.0.10+0--11572160)
# Java VM: OpenJDK 64-Bit Server VM (17.0.10+0--11572160, mixed mode, tiered, compressed oops, compressed class ptrs, g1 gc, windows-amd64)
GC Precious Log:
 CPUs: 16 total, 16 available
 Memory: 15713M
 Large Page Support: Disabled
 NUMA Support: Disabled
 Compressed Oops: Enabled (32-bit)
 Heap Region Size: 1M
 Heap Min Capacity: 8M
 Heap Initial Capacity: 246M
 Heap Max Capacity: 2G
 Pre-touch: Disabled
 Parallel Workers: 13
 Concurrent Workers: 3
 Concurrent Refinement Workers: 13
 Periodic GC: Disabled
Heap:
 garbage-first heap   total 359424K, used 328421K [0x0000000080000000, 0x0000000100000000)
  region size 1024K, 13 young (13312K), 3 survivors (3072K)
 Metaspace       used 200279K, committed 201536K, reserved 1245184K
  class space    used 25684K, committed 26240K, reserved 1048576K
GC Heap History (20 events):
Event: 984.825 GC heap before
{Heap before GC invocations=99 (full 0):
 garbage-first heap   total 359424K, used 310171K [0x0000000080000000, 0x0000000100000000)
  region size 1024K, 37 young (37888K), 4 survivors (4096K)
 Metaspace       used 194214K, committed 195328K, reserved 1245184K
  class space    used 24926K, committed 25408K, reserved 1048576K
}
Event: 984.828 GC heap after
{Heap after GC invocations=100 (full 0):
 garbage-first heap   total 359424K, used 278105K [0x0000000080000000, 0x0000000100000000)
  region size 1024K, 1 young (1024K), 1 survivors (1024K)
 Metaspace       used 194214K, committed 195328K, reserved 1245184K
  class space    used 24926K, committed 25408K, reserved 1048576K
}
Event: 1306.356 GC heap before
{Heap before GC invocations=100 (full 0):
 garbage-first heap   total 359424K, used 312921K [0x0000000080000000, 0x0000000100000000)
  region size 1024K, 35 young (35840K), 1 survivors (1024K)
 Metaspace       used 194490K, committed 195584K, reserved 1245184K
  class space    used 24958K, committed 25472K, reserved 1048576K
}
Event: 1306.358 GC heap after
{Heap after GC invocations=101 (full 0):
 garbage-first heap   total 359424K, used 280894K [0x0000000080000000, 0x0000000100000000)
  region size 1024K, 4 young (4096K), 4 survivors (4096K)
 Metaspace       used 194490K, committed 195584K, reserved 1245184K
  class space    used 24958K, committed 25472K, reserved 1048576K
}
Event: 1306.601 GC heap before
{Heap before GC invocations=101 (full 0):
 garbage-first heap   total 359424K, used 311614K [0x0000000080000000, 0x0000000100000000)
  region size 1024K, 35 young (35840K), 4 survivors (4096K)
 Metaspace       used 195434K, committed 196608K, reserved 1245184K
  class space    used 25070K, committed 25664K, reserved 1048576K
}
Event: 1306.605 GC heap after
{Heap after GC invocations=102 (full 0):
 garbage-first heap   total 359424K, used 284369K [0x0000000080000000, 0x0000000100000000)
  region size 1024K, 4 young (4096K), 4 survivors (4096K)
 Metaspace       used 195434K, committed 196608K, reserved 1245184K
  class space    used 25070K, committed 25664K, reserved 1048576K
}
Event: 1306.854 GC heap before
{Heap before GC invocations=102 (full 0):
 garbage-first heap   total 359424K, used 312017K [0x0000000080000000, 0x0000000100000000)
  region size 1024K, 32 young (32768K), 4 survivors (4096K)
 Metaspace       used 196638K, committed 197824K, reserved 1245184K
  class space    used 25236K, committed 25792K, reserved 1048576K
}
Event: 1306.857 GC heap after
{Heap after GC invocations=103 (full 0):
 garbage-first heap   total 359424K, used 286934K [0x0000000080000000, 0x0000000100000000)
  region size 1024K, 3 young (3072K), 3 survivors (3072K)
 Metaspace       used 196638K, committed 197824K, reserved 1245184K
  class space    used 25236K, committed 25792K, reserved 1048576K
}
Event: 1307.057 GC heap before
{Heap before GC invocations=103 (full 0):
 garbage-first heap   total 359424K, used 313558K [0x0000000080000000, 0x0000000100000000)
  region size 1024K, 29 young (29696K), 3 survivors (3072K)
 Metaspace       used 197424K, committed 198592K, reserved 1245184K
  class space    used 25355K, committed 25920K, reserved 1048576K
}
Event: 1307.061 GC heap after
{Heap after GC invocations=104 (full 0):
 garbage-first heap   total 359424K, used 290340K [0x0000000080000000, 0x0000000100000000)
  region size 1024K, 4 young (4096K), 4 survivors (4096K)
 Metaspace       used 197424K, committed 198592K, reserved 1245184K
  class space    used 25355K, committed 25920K, reserved 1048576K
}
Event: 1307.309 GC heap before
{Heap before GC invocations=104 (full 0):
 garbage-first heap   total 359424K, used 312868K [0x0000000080000000, 0x0000000100000000)
  region size 1024K, 27 young (27648K), 4 survivors (4096K)
 Metaspace       used 199022K, committed 200256K, reserved 1245184K
  class space    used 25573K, committed 26176K, reserved 1048576K
}
Event: 1307.311 GC heap after
{Heap after GC invocations=105 (full 0):
 garbage-first heap   total 359424K, used 292264K [0x0000000080000000, 0x0000000100000000)
  region size 1024K, 3 young (3072K), 3 survivors (3072K)
 Metaspace       used 199022K, committed 200256K, reserved 1245184K
  class space    used 25573K, committed 26176K, reserved 1048576K
}
Event: 1307.611 GC heap before
{Heap before GC invocations=105 (full 0):
 garbage-first heap   total 359424K, used 312744K [0x0000000080000000, 0x0000000100000000)
  region size 1024K, 24 young (24576K), 3 survivors (3072K)
 Metaspace       used 199867K, committed 201152K, reserved 1245184K
  class space    used 25650K, committed 26240K, reserved 1048576K
}
Event: 1307.614 GC heap after
{Heap after GC invocations=106 (full 0):
 garbage-first heap   total 359424K, used 297446K [0x0000000080000000, 0x0000000100000000)
  region size 1024K, 3 young (3072K), 3 survivors (3072K)
 Metaspace       used 199867K, committed 201152K, reserved 1245184K
  class space    used 25650K, committed 26240K, reserved 1048576K
}
Event: 1307.751 GC heap before
{Heap before GC invocations=106 (full 0):
 garbage-first heap   total 359424K, used 322022K [0x0000000080000000, 0x0000000100000000)
  region size 1024K, 19 young (19456K), 3 survivors (3072K)
 Metaspace       used 199922K, committed 201152K, reserved 1245184K
  class space    used 25650K, committed 26240K, reserved 1048576K
}
Event: 1307.756 GC heap after
{Heap after GC invocations=107 (full 0):
 garbage-first heap   total 359424K, used 309223K [0x0000000080000000, 0x0000000100000000)
  region size 1024K, 3 young (3072K), 3 survivors (3072K)
 Metaspace       used 199922K, committed 201152K, reserved 1245184K
  class space    used 25650K, committed 26240K, reserved 1048576K
}
Event: 1307.868 GC heap before
{Heap before GC invocations=107 (full 0):
 garbage-first heap   total 359424K, used 323559K [0x0000000080000000, 0x0000000100000000)
  region size 1024K, 17 young (17408K), 3 survivors (3072K)
 Metaspace       used 199999K, committed 201216K, reserved 1245184K
  class space    used 25650K, committed 26240K, reserved 1048576K
}
Event: 1307.872 GC heap after
{Heap after GC invocations=108 (full 0):
 garbage-first heap   total 359424K, used 315821K [0x0000000080000000, 0x0000000100000000)
  region size 1024K, 3 young (3072K), 3 survivors (3072K)
 Metaspace       used 199999K, committed 201216K, reserved 1245184K
  class space    used 25650K, committed 26240K, reserved 1048576K
}
Event: 1308.003 GC heap before
{Heap before GC invocations=108 (full 0):
 garbage-first heap   total 359424K, used 329133K [0x0000000080000000, 0x0000000100000000)
  region size 1024K, 17 young (17408K), 3 survivors (3072K)
 Metaspace       used 200128K, committed 201344K, reserved 1245184K
  class space    used 25670K, committed 26240K, reserved 1048576K
}
Event: 1308.006 GC heap after
{Heap after GC invocations=109 (full 0):
 garbage-first heap   total 359424K, used 320229K [0x0000000080000000, 0x0000000100000000)
  region size 1024K, 3 young (3072K), 3 survivors (3072K)
 Metaspace       used 200128K, committed 201344K, reserved 1245184K
  class space    used 25670K, committed 26240K, reserved 1048576K
}

